<!DOCTYPE html PUBLIC "-//W3C//DTD XHTML 1.1//EN" "https://www.w3.org/TR/xhtml11/DTD/xhtml11.dtd">
<html xmlns="https://www.w3.org/1999/xhtml">
<head>
<meta http-equiv="content-type" content="text/html; charset=UTF-8"/>
<title>TestNG Report</title>
<style type="text/css">table {margin-bottom:10px;border-collapse:collapse;empty-cells:show}th,td {border:1px solid #009;padding:.25em .5em}th {vertical-align:bottom}td {vertical-align:top}table a {font-weight:bold}.stripe td {background-color: #E6EBF9}.num {text-align:right}.passedodd td {background-color: #3F3}.passedeven td {background-color: #0A0}.skippedodd td {background-color: #DDD}.skippedeven td {background-color: #CCC}.failedodd td,.attn {background-color: #F33}.failedeven td,.stripe .attn {background-color: #D00}.stacktrace {white-space:pre;font-family:monospace}.totop {font-size:85%;text-align:center;border-bottom:2px solid #000}.invisible {display:none}</style>
</head>
<body>
<table>
<tr><th>Test</th><th># Passed</th><th># Skipped</th><th># Retried</th><th># Failed</th><th>Time (ms)</th><th>Included Groups</th><th>Excluded Groups</th></tr>
<tr><th colspan="8">Suite</th></tr>
<tr><td><a href="#t0">ChromeBrowser</a></td><td class="num">0</td><td class="num">0</td><td class="num">0</td><td class="num attn">1</td><td class="num">33,909</td><td></td><td></td></tr>
<tr class="stripe"><td><a href="#t1">FirefoxBrowser</a></td><td class="num">0</td><td class="num">0</td><td class="num">0</td><td class="num attn">1</td><td class="num">36,388</td><td></td><td></td></tr>
<tr><th>Total</th><th class="num">0</th><th class="num">0</th><th class="num">0</th><th class="num attn">2</th><th class="num">70,297</th><th colspan="2"></th></tr>
</table>
<table id='summary'><thead><tr><th>Class</th><th>Method</th><th>Start</th><th>Time (ms)</th></tr></thead><tbody><tr><th colspan="4">Suite</th></tr></tbody><tbody id="t0"><tr><th colspan="4">ChromeBrowser &#8212; failed (configuration methods)</th></tr><tr class="failedeven"><td rowspan="1">pac.Test1.VerifyTheEquarzApplication</td><td><a href="#m0">logoutFromApplication</a></td><td rowspan="1">1706161740014</td><td rowspan="1">11270</td></tr><tr><th colspan="4">ChromeBrowser &#8212; failed</th></tr><tr class="failedeven"><td rowspan="1">pac.Test1.VerifyTheEquarzApplication</td><td><a href="#m1">VerifyTheAllSellerHeader</a></td><td rowspan="1">1706161739999</td><td rowspan="1">11</td></tr><tr><th colspan="4">ChromeBrowser &#8212; skipped (configuration methods)</th></tr><tr class="skippedeven"><td rowspan="2">pac.Test1.VerifyTheEquarzApplication</td><td><a href="#m2">clearObject</a></td><td rowspan="1">1706161751288</td><td rowspan="1">-1706161751288</td></tr><tr class="skippedeven"><td><a href="#m3">closedBrowser</a></td><td rowspan="1">1706161751290</td><td rowspan="1">-1706161751290</td></tr></tbody>
<tbody id="t1"><tr><th colspan="4">FirefoxBrowser &#8212; failed (configuration methods)</th></tr><tr class="failedeven"><td rowspan="1">pac.Test1.VerifyTheEquarzApplication</td><td><a href="#m4">logoutFromApplication</a></td><td rowspan="1">1706161743025</td><td rowspan="1">10736</td></tr><tr><th colspan="4">FirefoxBrowser &#8212; failed</th></tr><tr class="failedeven"><td rowspan="1">pac.Test1.VerifyTheEquarzApplication</td><td><a href="#m5">VerifyTheAllSellerHeader</a></td><td rowspan="1">1706161743021</td><td rowspan="1">2</td></tr><tr><th colspan="4">FirefoxBrowser &#8212; skipped (configuration methods)</th></tr><tr class="skippedeven"><td rowspan="2">pac.Test1.VerifyTheEquarzApplication</td><td><a href="#m6">clearObject</a></td><td rowspan="1">1706161753764</td><td rowspan="1">-1706161753764</td></tr><tr class="skippedeven"><td><a href="#m7">closedBrowser</a></td><td rowspan="1">1706161753767</td><td rowspan="1">-1706161753767</td></tr></tbody>
</table>
<h2>ChromeBrowser</h2><h3 id="m0">pac.Test1.VerifyTheEquarzApplication#logoutFromApplication</h3><table class="result"><tr class="param"><th>Parameter #1</th></tr><tr class="param stripe"><td>[TestResult name=VerifyTheAllSellerHeader status=FAILURE method=VerifyTheEquarzApplication.VerifyTheAllSellerHeader()[pri:0, instance:pac.Test1.VerifyTheEquarzApplication@41d477ed] output={null}]</td></tr><tr><th>Exception</th></tr><tr><td><div class="stacktrace">org.openqa.selenium.TimeoutException: Expected condition failed: waiting for visibility of [[ChromeDriver: chrome on windows (1fbd2f84665842cf8f41d46c6a459a90)] -&gt; xpath: (//a[@class=&apos;dropdown-item&apos;])[3]] (tried for 10 second(s) with 500 milliseconds interval)
Build info: version: &apos;4.15.0&apos;, revision: &apos;1d14b5521b&apos;
System info: os.name: &apos;Windows 11&apos;, os.arch: &apos;amd64&apos;, os.version: &apos;10.0&apos;, java.version: &apos;18.0.1.1&apos;
Driver info: org.openqa.selenium.chrome.ChromeDriver
Capabilities {acceptInsecureCerts: false, browserName: chrome, browserVersion: 120.0.6099.225, chrome: {chromedriverVersion: 120.0.6099.109 (3419140ab66..., userDataDir: C:\Users\Abhishek\AppData\L...}, fedcm:accounts: true, goog:chromeOptions: {debuggerAddress: localhost:53822}, networkConnectionEnabled: false, pageLoadStrategy: normal, platformName: windows, proxy: Proxy(), se:cdp: ws://localhost:53822/devtoo..., se:cdpVersion: 120.0.6099.225, setWindowRect: true, strictFileInteractability: false, timeouts: {implicit: 0, pageLoad: 300000, script: 30000}, unhandledPromptBehavior: dismiss and notify, webauthn:extension:credBlob: true, webauthn:extension:largeBlob: true, webauthn:extension:minPinLength: true, webauthn:extension:prf: true, webauthn:virtualAuthenticators: true}
Session ID: 1fbd2f84665842cf8f41d46c6a459a90
	at org.openqa.selenium.support.ui.WebDriverWait.timeoutException(WebDriverWait.java:84)
	at org.openqa.selenium.support.ui.FluentWait.until(FluentWait.java:229)
	at pom.HomePage.clickOnLogoutButton(HomePage.java:66)
	at pac.Test1.VerifyTheEquarzApplication.logoutFromApplication(VerifyTheEquarzApplication.java:139)
	at java.base/java.util.ArrayList.forEach(ArrayList.java:1511)
	at java.base/java.util.concurrent.FutureTask.run(FutureTask.java:264)
	at java.base/java.util.concurrent.ThreadPoolExecutor.runWorker(ThreadPoolExecutor.java:1136)
	at java.base/java.util.concurrent.ThreadPoolExecutor$Worker.run(ThreadPoolExecutor.java:635)
	at java.base/java.lang.Thread.run(Thread.java:833)
... Removed 21 stack frames</div></td></tr></table><p class="totop"><a href="#summary">back to summary</a></p>
<h3 id="m1">pac.Test1.VerifyTheEquarzApplication#VerifyTheAllSellerHeader</h3><table class="result"><tr><th>Exception</th></tr><tr><td><div class="stacktrace">java.lang.Error: Unresolved compilation problem: 
	t cannot be resolved to a variable

	at pac.Test1.VerifyTheEquarzApplication.VerifyTheAllSellerHeader(VerifyTheEquarzApplication.java:127)
	at java.base/java.util.ArrayList.forEach(ArrayList.java:1511)
	at java.base/java.util.concurrent.FutureTask.run(FutureTask.java:264)
	at java.base/java.util.concurrent.ThreadPoolExecutor.runWorker(ThreadPoolExecutor.java:1136)
	at java.base/java.util.concurrent.ThreadPoolExecutor$Worker.run(ThreadPoolExecutor.java:635)
	at java.base/java.lang.Thread.run(Thread.java:833)
... Removed 16 stack frames</div></td></tr></table><p class="totop"><a href="#summary">back to summary</a></p>
<h3 id="m2">pac.Test1.VerifyTheEquarzApplication#clearObject</h3><table class="result"><tr><th class="invisible"/></tr></table><p class="totop"><a href="#summary">back to summary</a></p>
<h3 id="m3">pac.Test1.VerifyTheEquarzApplication#closedBrowser</h3><table class="result"><tr><th class="invisible"/></tr></table><p class="totop"><a href="#summary">back to summary</a></p>
<h2>FirefoxBrowser</h2><h3 id="m4">pac.Test1.VerifyTheEquarzApplication#logoutFromApplication</h3><table class="result"><tr class="param"><th>Parameter #1</th></tr><tr class="param stripe"><td>[TestResult name=VerifyTheAllSellerHeader status=FAILURE method=VerifyTheEquarzApplication.VerifyTheAllSellerHeader()[pri:0, instance:pac.Test1.VerifyTheEquarzApplication@3eb25e1a] output={null}]</td></tr><tr><th>Exception</th></tr><tr><td><div class="stacktrace">org.openqa.selenium.TimeoutException: Expected condition failed: waiting for visibility of [[FirefoxDriver: firefox on windows (21fa18d1-f94c-417b-9910-40382076f353)] -&gt; xpath: (//a[@class=&apos;dropdown-item&apos;])[3]] (tried for 10 second(s) with 500 milliseconds interval)
Build info: version: &apos;4.15.0&apos;, revision: &apos;1d14b5521b&apos;
System info: os.name: &apos;Windows 11&apos;, os.arch: &apos;amd64&apos;, os.version: &apos;10.0&apos;, java.version: &apos;18.0.1.1&apos;
Driver info: org.openqa.selenium.firefox.FirefoxDriver
Capabilities {acceptInsecureCerts: true, browserName: firefox, browserVersion: 121.0.1, moz:accessibilityChecks: false, moz:buildID: 20240108143603, moz:debuggerAddress: 127.0.0.1:41744, moz:geckodriverVersion: 0.33.0, moz:headless: false, moz:platformVersion: 10.0, moz:processID: 19432, moz:profile: C:\Users\Abhishek\AppData\L..., moz:shutdownTimeout: 60000, moz:webdriverClick: true, moz:windowless: false, pageLoadStrategy: normal, platformName: windows, proxy: Proxy(), se:cdp: ws://127.0.0.1:41744/devtoo..., se:cdpVersion: 85.0, setWindowRect: true, strictFileInteractability: false, timeouts: {implicit: 0, pageLoad: 300000, script: 30000}, unhandledPromptBehavior: dismiss and notify}
Session ID: 21fa18d1-f94c-417b-9910-40382076f353
	at org.openqa.selenium.support.ui.WebDriverWait.timeoutException(WebDriverWait.java:84)
	at org.openqa.selenium.support.ui.FluentWait.until(FluentWait.java:229)
	at pom.HomePage.clickOnLogoutButton(HomePage.java:66)
	at pac.Test1.VerifyTheEquarzApplication.logoutFromApplication(VerifyTheEquarzApplication.java:139)
	at java.base/java.util.ArrayList.forEach(ArrayList.java:1511)
	at java.base/java.util.concurrent.FutureTask.run(FutureTask.java:264)
	at java.base/java.util.concurrent.ThreadPoolExecutor.runWorker(ThreadPoolExecutor.java:1136)
	at java.base/java.util.concurrent.ThreadPoolExecutor$Worker.run(ThreadPoolExecutor.java:635)
	at java.base/java.lang.Thread.run(Thread.java:833)
... Removed 21 stack frames</div></td></tr></table><p class="totop"><a href="#summary">back to summary</a></p>
<h3 id="m5">pac.Test1.VerifyTheEquarzApplication#VerifyTheAllSellerHeader</h3><table class="result"><tr><th>Exception</th></tr><tr><td><div class="stacktrace">java.lang.Error: Unresolved compilation problem: 
	t cannot be resolved to a variable

	at pac.Test1.VerifyTheEquarzApplication.VerifyTheAllSellerHeader(VerifyTheEquarzApplication.java:127)
	at java.base/java.util.ArrayList.forEach(ArrayList.java:1511)
	at java.base/java.util.concurrent.FutureTask.run(FutureTask.java:264)
	at java.base/java.util.concurrent.ThreadPoolExecutor.runWorker(ThreadPoolExecutor.java:1136)
	at java.base/java.util.concurrent.ThreadPoolExecutor$Worker.run(ThreadPoolExecutor.java:635)
	at java.base/java.lang.Thread.run(Thread.java:833)
... Removed 16 stack frames</div></td></tr></table><p class="totop"><a href="#summary">back to summary</a></p>
<h3 id="m6">pac.Test1.VerifyTheEquarzApplication#clearObject</h3><table class="result"><tr><th class="invisible"/></tr></table><p class="totop"><a href="#summary">back to summary</a></p>
<h3 id="m7">pac.Test1.VerifyTheEquarzApplication#closedBrowser</h3><table class="result"><tr><th class="invisible"/></tr></table><p class="totop"><a href="#summary">back to summary</a></p>
</body>
</html>
