<?xml version="1.0" encoding="UTF-8"?>
<!-- Generated by org.testng.reporters.JUnitXMLReporter -->
<testsuite ignored="0" hostname="LAPTOP-6I2ERQM6" failures="1" tests="4" name="Chrome" time="129.633" errors="0" timestamp="2024-01-22T16:03:19 IST">
  <testcase classname="pac.Test1.VerificationOfEquarzApplication" name="@AfterMethod logoutFromApplication" time="20.413">
    <failure type="org.openqa.selenium.TimeoutException" message="Expected condition failed: waiting for visibility of [[ChromeDriver: chrome on windows (884c3bebebdc1af05be4d34a530c03c5)] -&amp;gt; xpath: (//a[@class=&amp;apos;dropdown-item&amp;apos;])[3]] (tried for 20 second(s) with 500 milliseconds interval)
Build info: version: &amp;apos;4.15.0&amp;apos;, revision: &amp;apos;1d14b5521b&amp;apos;
System info: os.name: &amp;apos;Windows 11&amp;apos;, os.arch: &amp;apos;amd64&amp;apos;, os.version: &amp;apos;10.0&amp;apos;, java.version: &amp;apos;18.0.1.1&amp;apos;
Driver info: org.openqa.selenium.chrome.ChromeDriver
Capabilities {acceptInsecureCerts: false, browserName: chrome, browserVersion: 120.0.6099.225, chrome: {chromedriverVersion: 120.0.6099.109 (3419140ab66..., userDataDir: C:\Users\Abhishek\AppData\L...}, fedcm:accounts: true, goog:chromeOptions: {debuggerAddress: localhost:63395}, networkConnectionEnabled: false, pageLoadStrategy: normal, platformName: windows, proxy: Proxy(), se:cdp: ws://localhost:63395/devtoo..., se:cdpVersion: 120.0.6099.225, setWindowRect: true, strictFileInteractability: false, timeouts: {implicit: 0, pageLoad: 300000, script: 30000}, unhandledPromptBehavior: dismiss and notify, webauthn:extension:credBlob: true, webauthn:extension:largeBlob: true, webauthn:extension:minPinLength: true, webauthn:extension:prf: true, webauthn:virtualAuthenticators: true}
Session ID: 884c3bebebdc1af05be4d34a530c03c5">
      <![CDATA[org.openqa.selenium.TimeoutException: Expected condition failed: waiting for visibility of [[ChromeDriver: chrome on windows (884c3bebebdc1af05be4d34a530c03c5)] -> xpath: (//a[@class='dropdown-item'])[3]] (tried for 20 second(s) with 500 milliseconds interval)
Build info: version: '4.15.0', revision: '1d14b5521b'
System info: os.name: 'Windows 11', os.arch: 'amd64', os.version: '10.0', java.version: '18.0.1.1'
Driver info: org.openqa.selenium.chrome.ChromeDriver
Capabilities {acceptInsecureCerts: false, browserName: chrome, browserVersion: 120.0.6099.225, chrome: {chromedriverVersion: 120.0.6099.109 (3419140ab66..., userDataDir: C:\Users\Abhishek\AppData\L...}, fedcm:accounts: true, goog:chromeOptions: {debuggerAddress: localhost:63395}, networkConnectionEnabled: false, pageLoadStrategy: normal, platformName: windows, proxy: Proxy(), se:cdp: ws://localhost:63395/devtoo..., se:cdpVersion: 120.0.6099.225, setWindowRect: true, strictFileInteractability: false, timeouts: {implicit: 0, pageLoad: 300000, script: 30000}, unhandledPromptBehavior: dismiss and notify, webauthn:extension:credBlob: true, webauthn:extension:largeBlob: true, webauthn:extension:minPinLength: true, webauthn:extension:prf: true, webauthn:virtualAuthenticators: true}
Session ID: 884c3bebebdc1af05be4d34a530c03c5
at org.openqa.selenium.support.ui.WebDriverWait.timeoutException(WebDriverWait.java:84)
at org.openqa.selenium.support.ui.FluentWait.until(FluentWait.java:229)
at pom.HomePage.clickOnLogoutButton(HomePage.java:66)
at pac.Test1.VerificationOfEquarzApplication.logoutFromApplication(VerificationOfEquarzApplication.java:77)
at java.base/java.util.ArrayList.forEach(ArrayList.java:1511)
... Removed 30 stack frames]]>
    </failure>
  </testcase> <!-- @AfterMethod logoutFromApplication -->
  <testcase classname="pac.Test1.VerificationOfEquarzApplication" name="@AfterClass tearDown" time="0.0">
    <skipped/>
  </testcase> <!-- @AfterClass tearDown -->
  <testcase classname="pac.Test1.VerifyTheEquarzApplication" name="@AfterTest closedBrowser" time="0.001">
    <failure type="java.lang.NullPointerException" message="Cannot invoke &amp;quot;org.openqa.selenium.WebDriver.quit()&amp;quot; because &amp;quot;this.driver&amp;quot; is null">
      <![CDATA[java.lang.NullPointerException: Cannot invoke "org.openqa.selenium.WebDriver.quit()" because "this.driver" is null
at pac.Test1.VerifyTheEquarzApplication.closedBrowser(VerifyTheEquarzApplication.java:114)
... Removed 22 stack frames]]>
    </failure>
  </testcase> <!-- @AfterTest closedBrowser -->
  <testcase classname="pac.Test1.VerificationOfEquarzApplication" name="VerifyTheAllSellerHeader" time="1.164"/>
  <testcase classname="pac.Test1.VerificationOfEquarzApplication" name="VerifyTheDiscountedCouponHeader" time="0.108">
    <failure type="java.lang.AssertionError" message="The following asserts failed:
	expected [1] but found [E-Quarz Online Shopping | E-Quarz Ecommerce]">
      <![CDATA[java.lang.AssertionError: The following asserts failed:
expected [1] but found [E-Quarz Online Shopping | E-Quarz Ecommerce]
at pac.Test1.VerificationOfEquarzApplication.VerifyTheDiscountedCouponHeader(VerificationOfEquarzApplication.java:57)
at java.base/java.util.ArrayList.forEach(ArrayList.java:1511)
... Removed 27 stack frames]]>
    </failure>
  </testcase> <!-- VerifyTheDiscountedCouponHeader -->
  <testcase classname="pac.Test1.VerifyTheEquarzApplication" name="VerifyTheAllSellerHeader" time="1.082"/>
  <testcase classname="pac.Test1.VerifyTheEquarzApplication" name="VerifyTheDiscountedCouponHeader" time="0.201"/>
</testsuite> <!-- Chrome -->
