<?xml version="1.0" encoding="UTF-8"?>
<!-- Generated by org.testng.reporters.JUnitXMLReporter -->
<testsuite ignored="0" hostname="LAPTOP-6I2ERQM6" failures="0" tests="4" name="Test" time="0.152" errors="0" timestamp="2024-01-22T15:55:06 IST">
  <testcase classname="pac.Test1.VerifyTheEquarzApplication" name="@BeforeTest LaunchBrowser" time="-1.705919105995E9">
    <failure type="org.testng.TestNGException" message="
Parameter &amp;apos;browserName&amp;apos; is required by BeforeTest on method LaunchBrowser but has not been marked @Optional or defined
in C:\Users\Abhishek\eclipse-workspace\Amazon.in\testng.xml">
      <![CDATA[org.testng.TestNGException: 
Parameter 'browserName' is required by BeforeTest on method LaunchBrowser but has not been marked @Optional or defined
in C:\Users\Abhishek\eclipse-workspace\Amazon.in\testng.xml
... Removed 21 stack frames]]>
    </failure>
  </testcase> <!-- @BeforeTest LaunchBrowser -->
  <testcase classname="pac.Test1.VerificationOfEquarzApplication" name="@BeforeClass launchBrowser" time="0.0">
    <skipped/>
  </testcase> <!-- @BeforeClass launchBrowser -->
  <testcase classname="pac.Test1.VerificationOfEquarzApplication" name="@BeforeMethod logintoApplication" time="0.0">
    <skipped/>
  </testcase> <!-- @BeforeMethod logintoApplication -->
  <testcase classname="pac.Test1.VerificationOfEquarzApplication" name="@AfterMethod logoutFromApplication" time="0.0">
    <skipped/>
  </testcase> <!-- @AfterMethod logoutFromApplication -->
  <testcase classname="pac.Test1.VerificationOfEquarzApplication" name="@BeforeMethod logintoApplication" time="0.0">
    <skipped/>
  </testcase> <!-- @BeforeMethod logintoApplication -->
  <testcase classname="pac.Test1.VerificationOfEquarzApplication" name="@AfterMethod logoutFromApplication" time="0.0">
    <skipped/>
  </testcase> <!-- @AfterMethod logoutFromApplication -->
  <testcase classname="pac.Test1.VerificationOfEquarzApplication" name="@AfterClass tearDown" time="0.0">
    <skipped/>
  </testcase> <!-- @AfterClass tearDown -->
  <testcase classname="pac.Test1.VerifyTheEquarzApplication" name="@BeforeClass createPomObjects" time="0.0">
    <skipped/>
  </testcase> <!-- @BeforeClass createPomObjects -->
  <testcase classname="pac.Test1.VerifyTheEquarzApplication" name="@BeforeMethod logintoApplication" time="0.0">
    <skipped/>
  </testcase> <!-- @BeforeMethod logintoApplication -->
  <testcase classname="pac.Test1.VerifyTheEquarzApplication" name="@AfterMethod logoutFromApplication" time="0.0">
    <skipped/>
  </testcase> <!-- @AfterMethod logoutFromApplication -->
  <testcase classname="pac.Test1.VerifyTheEquarzApplication" name="@BeforeMethod logintoApplication" time="0.0">
    <skipped/>
  </testcase> <!-- @BeforeMethod logintoApplication -->
  <testcase classname="pac.Test1.VerifyTheEquarzApplication" name="@AfterMethod logoutFromApplication" time="0.0">
    <skipped/>
  </testcase> <!-- @AfterMethod logoutFromApplication -->
  <testcase classname="pac.Test1.VerifyTheEquarzApplication" name="@AfterClass clearObject" time="0.0">
    <skipped/>
  </testcase> <!-- @AfterClass clearObject -->
  <testcase classname="pac.Test1.VerifyTheEquarzApplication" name="@AfterTest closedBrowser" time="0.0">
    <skipped/>
  </testcase> <!-- @AfterTest closedBrowser -->
  <testcase classname="pac.Test1.VerificationOfEquarzApplication" name="VerifyTheAllSellerHeader" time="0.0">
    <skipped/>
  </testcase> <!-- VerifyTheAllSellerHeader -->
  <testcase classname="pac.Test1.VerificationOfEquarzApplication" name="VerifyTheDiscountedCouponHeader" time="0.0">
    <skipped/>
  </testcase> <!-- VerifyTheDiscountedCouponHeader -->
  <testcase classname="pac.Test1.VerifyTheEquarzApplication" name="VerifyTheAllSellerHeader" time="0.0">
    <skipped/>
  </testcase> <!-- VerifyTheAllSellerHeader -->
  <testcase classname="pac.Test1.VerifyTheEquarzApplication" name="VerifyTheDiscountedCouponHeader" time="0.0">
    <skipped/>
  </testcase> <!-- VerifyTheDiscountedCouponHeader -->
</testsuite> <!-- Test -->
